0 silly argv { _: [ 'import' ],
0 silly argv   flatten: true,
0 silly argv   lernaVersion: '3.14.1',
0 silly argv   '$0': 'lerna',
0 silly argv   dir:
0 silly argv    '/media/hagn/horsedump/Projects/own_n_oss/gatsby-plugin-giffit' }
1 notice cli v3.14.1
2 verbose rootPath /media/hagn/horsedump/Projects/own_n_oss/gatsby-giffit
3 info versioning independent
4 error Error: Command failed: git rev-parse HEAD
4 error fatal: ambiguous argument 'HEAD': unknown revision or path not in the working tree.
4 error Use '--' to separate paths from revisions, like this:
4 error 'git <command> [<revision>...] -- [<file>...]'
4 error
4 error HEAD
4 error
4 error     at makeError (/usr/lib/node_modules/lerna/node_modules/execa/index.js:174:9)
4 error     at Function.module.exports.sync (/usr/lib/node_modules/lerna/node_modules/execa/index.js:338:15)
4 error     at Object.execSync (/usr/lib/node_modules/lerna/node_modules/@lerna/child-process/index.js:23:16)
4 error     at ImportCommand.execSync (/usr/lib/node_modules/lerna/node_modules/@lerna/import/index.js:143:34)
4 error     at ImportCommand.getCurrentSHA (/usr/lib/node_modules/lerna/node_modules/@lerna/import/index.js:135:17)
4 error     at ImportCommand.initialize (/usr/lib/node_modules/lerna/node_modules/@lerna/import/index.js:104:31)
